[2019-03-18 16:26:48] local.ERROR: PDOException: SQLSTATE[42000]: Syntax error or access violation: 1075 Incorrect table definition; there can be only one auto column and it must be defined as a key in C:\xampp\htdocs\UASPWD\vendor\illuminate\database\Connection.php:458
Stack trace:
#0 C:\xampp\htdocs\UASPWD\vendor\illuminate\database\Connection.php(458): PDOStatement->execute()
#1 C:\xampp\htdocs\UASPWD\vendor\illuminate\database\Connection.php(657): Illuminate\Database\Connection->Illuminate\Database\{closure}('create table `t...', Array)
#2 C:\xampp\htdocs\UASPWD\vendor\illuminate\database\Connection.php(624): Illuminate\Database\Connection->runQueryCallback('create table `t...', Array, Object(Closure))
#3 C:\xampp\htdocs\UASPWD\vendor\illuminate\database\Connection.php(459): Illuminate\Database\Connection->run('create table `t...', Array, Object(Closure))
#4 C:\xampp\htdocs\UASPWD\vendor\illuminate\database\Schema\Blueprint.php(97): Illuminate\Database\Connection->statement('create table `t...')
#5 C:\xampp\htdocs\UASPWD\vendor\illuminate\database\Schema\Builder.php(264): Illuminate\Database\Schema\Blueprint->build(Object(Illuminate\Database\MySqlConnection), Object(Illuminate\Database\Schema\Grammars\MySqlGrammar))
#6 C:\xampp\htdocs\UASPWD\vendor\illuminate\database\Schema\Builder.php(165): Illuminate\Database\Schema\Builder->build(Object(Illuminate\Database\Schema\Blueprint))
#7 C:\xampp\htdocs\UASPWD\vendor\illuminate\support\Facades\Facade.php(237): Illuminate\Database\Schema\Builder->create('t_makanan', Object(Closure))
#8 C:\xampp\htdocs\UASPWD\database\migrations\2019_03_18_162015_create_t_makanan.php(22): Illuminate\Support\Facades\Facade::__callStatic('create', Array)
#9 C:\xampp\htdocs\UASPWD\vendor\illuminate\database\Migrations\Migrator.php(360): CreateTMakanan->up()
#10 C:\xampp\htdocs\UASPWD\vendor\illuminate\database\Migrations\Migrator.php(367): Illuminate\Database\Migrations\Migrator->Illuminate\Database\Migrations\{closure}()
#11 C:\xampp\htdocs\UASPWD\vendor\illuminate\database\Migrations\Migrator.php(178): Illuminate\Database\Migrations\Migrator->runMigration(Object(CreateTMakanan), 'up')
#12 C:\xampp\htdocs\UASPWD\vendor\illuminate\database\Migrations\Migrator.php(147): Illuminate\Database\Migrations\Migrator->runUp('C:\\xampp\\htdocs...', 1, false)
#13 C:\xampp\htdocs\UASPWD\vendor\illuminate\database\Migrations\Migrator.php(96): Illuminate\Database\Migrations\Migrator->runPending(Array, Array)
#14 C:\xampp\htdocs\UASPWD\vendor\illuminate\database\Console\Migrations\MigrateCommand.php(71): Illuminate\Database\Migrations\Migrator->run(Array, Array)
#15 [internal function]: Illuminate\Database\Console\Migrations\MigrateCommand->handle()
#16 C:\xampp\htdocs\UASPWD\vendor\illuminate\container\BoundMethod.php(32): call_user_func_array(Array, Array)
#17 C:\xampp\htdocs\UASPWD\vendor\illuminate\container\BoundMethod.php(90): Illuminate\Container\BoundMethod::Illuminate\Container\{closure}()
#18 C:\xampp\htdocs\UASPWD\vendor\illuminate\container\BoundMethod.php(34): Illuminate\Container\BoundMethod::callBoundMethod(Object(Laravel\Lumen\Application), Array, Object(Closure))
#19 C:\xampp\htdocs\UASPWD\vendor\illuminate\container\Container.php(580): Illuminate\Container\BoundMethod::call(Object(Laravel\Lumen\Application), Array, Array, NULL)
#20 C:\xampp\htdocs\UASPWD\vendor\illuminate\console\Command.php(183): Illuminate\Container\Container->call(Array)
#21 C:\xampp\htdocs\UASPWD\vendor\symfony\console\Command\Command.php(255): Illuminate\Console\Command->execute(Object(Symfony\Component\Console\Input\ArgvInput), Object(Illuminate\Console\OutputStyle))
#22 C:\xampp\htdocs\UASPWD\vendor\illuminate\console\Command.php(170): Symfony\Component\Console\Command\Command->run(Object(Symfony\Component\Console\Input\ArgvInput), Object(Illuminate\Console\OutputStyle))
#23 C:\xampp\htdocs\UASPWD\vendor\symfony\console\Application.php(908): Illuminate\Console\Command->run(Object(Symfony\Component\Console\Input\ArgvInput), Object(Symfony\Component\Console\Output\ConsoleOutput))
#24 C:\xampp\htdocs\UASPWD\vendor\symfony\console\Application.php(269): Symfony\Component\Console\Application->doRunCommand(Object(Illuminate\Database\Console\Migrations\MigrateCommand), Object(Symfony\Component\Console\Input\ArgvInput), Object(Symfony\Component\Console\Output\ConsoleOutput))
#25 C:\xampp\htdocs\UASPWD\vendor\symfony\console\Application.php(145): Symfony\Component\Console\Application->doRun(Object(Symfony\Component\Console\Input\ArgvInput), Object(Symfony\Component\Console\Output\ConsoleOutput))
#26 C:\xampp\htdocs\UASPWD\vendor\illuminate\console\Application.php(90): Symfony\Component\Console\Application->run(Object(Symfony\Component\Console\Input\ArgvInput), Object(Symfony\Component\Console\Output\ConsoleOutput))
#27 C:\xampp\htdocs\UASPWD\vendor\laravel\lumen-framework\src\Console\Kernel.php(115): Illuminate\Console\Application->run(Object(Symfony\Component\Console\Input\ArgvInput), Object(Symfony\Component\Console\Output\ConsoleOutput))
#28 C:\xampp\htdocs\UASPWD\artisan(35): Laravel\Lumen\Console\Kernel->handle(Object(Symfony\Component\Console\Input\ArgvInput), Object(Symfony\Component\Console\Output\ConsoleOutput))
#29 {main}

Next Illuminate\Database\QueryException: SQLSTATE[42000]: Syntax error or access violation: 1075 Incorrect table definition; there can be only one auto column and it must be defined as a key (SQL: create table `t_makanan` (`id` int unsigned not null auto_increment primary key, `nama_makanan` varchar(150) not null, `harga` int not null auto_increment primary key, `qty` int not null auto_increment primary key, `created_at` timestamp null, `updated_at` timestamp null) default character set utf8mb4 collate 'utf8mb4_unicode_ci') in C:\xampp\htdocs\UASPWD\vendor\illuminate\database\Connection.php:664
Stack trace:
#0 C:\xampp\htdocs\UASPWD\vendor\illuminate\database\Connection.php(624): Illuminate\Database\Connection->runQueryCallback('create table `t...', Array, Object(Closure))
#1 C:\xampp\htdocs\UASPWD\vendor\illuminate\database\Connection.php(459): Illuminate\Database\Connection->run('create table `t...', Array, Object(Closure))
#2 C:\xampp\htdocs\UASPWD\vendor\illuminate\database\Schema\Blueprint.php(97): Illuminate\Database\Connection->statement('create table `t...')
#3 C:\xampp\htdocs\UASPWD\vendor\illuminate\database\Schema\Builder.php(264): Illuminate\Database\Schema\Blueprint->build(Object(Illuminate\Database\MySqlConnection), Object(Illuminate\Database\Schema\Grammars\MySqlGrammar))
#4 C:\xampp\htdocs\UASPWD\vendor\illuminate\database\Schema\Builder.php(165): Illuminate\Database\Schema\Builder->build(Object(Illuminate\Database\Schema\Blueprint))
#5 C:\xampp\htdocs\UASPWD\vendor\illuminate\support\Facades\Facade.php(237): Illuminate\Database\Schema\Builder->create('t_makanan', Object(Closure))
#6 C:\xampp\htdocs\UASPWD\database\migrations\2019_03_18_162015_create_t_makanan.php(22): Illuminate\Support\Facades\Facade::__callStatic('create', Array)
#7 C:\xampp\htdocs\UASPWD\vendor\illuminate\database\Migrations\Migrator.php(360): CreateTMakanan->up()
#8 C:\xampp\htdocs\UASPWD\vendor\illuminate\database\Migrations\Migrator.php(367): Illuminate\Database\Migrations\Migrator->Illuminate\Database\Migrations\{closure}()
#9 C:\xampp\htdocs\UASPWD\vendor\illuminate\database\Migrations\Migrator.php(178): Illuminate\Database\Migrations\Migrator->runMigration(Object(CreateTMakanan), 'up')
#10 C:\xampp\htdocs\UASPWD\vendor\illuminate\database\Migrations\Migrator.php(147): Illuminate\Database\Migrations\Migrator->runUp('C:\\xampp\\htdocs...', 1, false)
#11 C:\xampp\htdocs\UASPWD\vendor\illuminate\database\Migrations\Migrator.php(96): Illuminate\Database\Migrations\Migrator->runPending(Array, Array)
#12 C:\xampp\htdocs\UASPWD\vendor\illuminate\database\Console\Migrations\MigrateCommand.php(71): Illuminate\Database\Migrations\Migrator->run(Array, Array)
#13 [internal function]: Illuminate\Database\Console\Migrations\MigrateCommand->handle()
#14 C:\xampp\htdocs\UASPWD\vendor\illuminate\container\BoundMethod.php(32): call_user_func_array(Array, Array)
#15 C:\xampp\htdocs\UASPWD\vendor\illuminate\container\BoundMethod.php(90): Illuminate\Container\BoundMethod::Illuminate\Container\{closure}()
#16 C:\xampp\htdocs\UASPWD\vendor\illuminate\container\BoundMethod.php(34): Illuminate\Container\BoundMethod::callBoundMethod(Object(Laravel\Lumen\Application), Array, Object(Closure))
#17 C:\xampp\htdocs\UASPWD\vendor\illuminate\container\Container.php(580): Illuminate\Container\BoundMethod::call(Object(Laravel\Lumen\Application), Array, Array, NULL)
#18 C:\xampp\htdocs\UASPWD\vendor\illuminate\console\Command.php(183): Illuminate\Container\Container->call(Array)
#19 C:\xampp\htdocs\UASPWD\vendor\symfony\console\Command\Command.php(255): Illuminate\Console\Command->execute(Object(Symfony\Component\Console\Input\ArgvInput), Object(Illuminate\Console\OutputStyle))
#20 C:\xampp\htdocs\UASPWD\vendor\illuminate\console\Command.php(170): Symfony\Component\Console\Command\Command->run(Object(Symfony\Component\Console\Input\ArgvInput), Object(Illuminate\Console\OutputStyle))
#21 C:\xampp\htdocs\UASPWD\vendor\symfony\console\Application.php(908): Illuminate\Console\Command->run(Object(Symfony\Component\Console\Input\ArgvInput), Object(Symfony\Component\Console\Output\ConsoleOutput))
#22 C:\xampp\htdocs\UASPWD\vendor\symfony\console\Application.php(269): Symfony\Component\Console\Application->doRunCommand(Object(Illuminate\Database\Console\Migrations\MigrateCommand), Object(Symfony\Component\Console\Input\ArgvInput), Object(Symfony\Component\Console\Output\ConsoleOutput))
#23 C:\xampp\htdocs\UASPWD\vendor\symfony\console\Application.php(145): Symfony\Component\Console\Application->doRun(Object(Symfony\Component\Console\Input\ArgvInput), Object(Symfony\Component\Console\Output\ConsoleOutput))
#24 C:\xampp\htdocs\UASPWD\vendor\illuminate\console\Application.php(90): Symfony\Component\Console\Application->run(Object(Symfony\Component\Console\Input\ArgvInput), Object(Symfony\Component\Console\Output\ConsoleOutput))
#25 C:\xampp\htdocs\UASPWD\vendor\laravel\lumen-framework\src\Console\Kernel.php(115): Illuminate\Console\Application->run(Object(Symfony\Component\Console\Input\ArgvInput), Object(Symfony\Component\Console\Output\ConsoleOutput))
#26 C:\xampp\htdocs\UASPWD\artisan(35): Laravel\Lumen\Console\Kernel->handle(Object(Symfony\Component\Console\Input\ArgvInput), Object(Symfony\Component\Console\Output\ConsoleOutput))
#27 {main} {"exception":"[object] (Illuminate\\Database\\QueryException(code: 42000): SQLSTATE[42000]: Syntax error or access violation: 1075 Incorrect table definition; there can be only one auto column and it must be defined as a key (SQL: create table `t_makanan` (`id` int unsigned not null auto_increment primary key, `nama_makanan` varchar(150) not null, `harga` int not null auto_increment primary key, `qty` int not null auto_increment primary key, `created_at` timestamp null, `updated_at` timestamp null) default character set utf8mb4 collate 'utf8mb4_unicode_ci') at C:\\xampp\\htdocs\\UASPWD\\vendor\\illuminate\\database\\Connection.php:664, PDOException(code: 42000): SQLSTATE[42000]: Syntax error or access violation: 1075 Incorrect table definition; there can be only one auto column and it must be defined as a key at C:\\xampp\\htdocs\\UASPWD\\vendor\\illuminate\\database\\Connection.php:458)
[stacktrace]
#0 C:\\xampp\\htdocs\\UASPWD\\vendor\\illuminate\\database\\Connection.php(624): Illuminate\\Database\\Connection->runQueryCallback('create table `t...', Array, Object(Closure))
#1 C:\\xampp\\htdocs\\UASPWD\\vendor\\illuminate\\database\\Connection.php(459): Illuminate\\Database\\Connection->run('create table `t...', Array, Object(Closure))
#2 C:\\xampp\\htdocs\\UASPWD\\vendor\\illuminate\\database\\Schema\\Blueprint.php(97): Illuminate\\Database\\Connection->statement('create table `t...')
#3 C:\\xampp\\htdocs\\UASPWD\\vendor\\illuminate\\database\\Schema\\Builder.php(264): Illuminate\\Database\\Schema\\Blueprint->build(Object(Illuminate\\Database\\MySqlConnection), Object(Illuminate\\Database\\Schema\\Grammars\\MySqlGrammar))
#4 C:\\xampp\\htdocs\\UASPWD\\vendor\\illuminate\\database\\Schema\\Builder.php(165): Illuminate\\Database\\Schema\\Builder->build(Object(Illuminate\\Database\\Schema\\Blueprint))
#5 C:\\xampp\\htdocs\\UASPWD\\vendor\\illuminate\\support\\Facades\\Facade.php(237): Illuminate\\Database\\Schema\\Builder->create('t_makanan', Object(Closure))
#6 C:\\xampp\\htdocs\\UASPWD\\database\\migrations\\2019_03_18_162015_create_t_makanan.php(22): Illuminate\\Support\\Facades\\Facade::__callStatic('create', Array)
#7 C:\\xampp\\htdocs\\UASPWD\\vendor\\illuminate\\database\\Migrations\\Migrator.php(360): CreateTMakanan->up()
#8 C:\\xampp\\htdocs\\UASPWD\\vendor\\illuminate\\database\\Migrations\\Migrator.php(367): Illuminate\\Database\\Migrations\\Migrator->Illuminate\\Database\\Migrations\\{closure}()
#9 C:\\xampp\\htdocs\\UASPWD\\vendor\\illuminate\\database\\Migrations\\Migrator.php(178): Illuminate\\Database\\Migrations\\Migrator->runMigration(Object(CreateTMakanan), 'up')
#10 C:\\xampp\\htdocs\\UASPWD\\vendor\\illuminate\\database\\Migrations\\Migrator.php(147): Illuminate\\Database\\Migrations\\Migrator->runUp('C:\\\\xampp\\\\htdocs...', 1, false)
#11 C:\\xampp\\htdocs\\UASPWD\\vendor\\illuminate\\database\\Migrations\\Migrator.php(96): Illuminate\\Database\\Migrations\\Migrator->runPending(Array, Array)
#12 C:\\xampp\\htdocs\\UASPWD\\vendor\\illuminate\\database\\Console\\Migrations\\MigrateCommand.php(71): Illuminate\\Database\\Migrations\\Migrator->run(Array, Array)
#13 [internal function]: Illuminate\\Database\\Console\\Migrations\\MigrateCommand->handle()
#14 C:\\xampp\\htdocs\\UASPWD\\vendor\\illuminate\\container\\BoundMethod.php(32): call_user_func_array(Array, Array)
#15 C:\\xampp\\htdocs\\UASPWD\\vendor\\illuminate\\container\\BoundMethod.php(90): Illuminate\\Container\\BoundMethod::Illuminate\\Container\\{closure}()
#16 C:\\xampp\\htdocs\\UASPWD\\vendor\\illuminate\\container\\BoundMethod.php(34): Illuminate\\Container\\BoundMethod::callBoundMethod(Object(Laravel\\Lumen\\Application), Array, Object(Closure))
#17 C:\\xampp\\htdocs\\UASPWD\\vendor\\illuminate\\container\\Container.php(580): Illuminate\\Container\\BoundMethod::call(Object(Laravel\\Lumen\\Application), Array, Array, NULL)
#18 C:\\xampp\\htdocs\\UASPWD\\vendor\\illuminate\\console\\Command.php(183): Illuminate\\Container\\Container->call(Array)
#19 C:\\xampp\\htdocs\\UASPWD\\vendor\\symfony\\console\\Command\\Command.php(255): Illuminate\\Console\\Command->execute(Object(Symfony\\Component\\Console\\Input\\ArgvInput), Object(Illuminate\\Console\\OutputStyle))
#20 C:\\xampp\\htdocs\\UASPWD\\vendor\\illuminate\\console\\Command.php(170): Symfony\\Component\\Console\\Command\\Command->run(Object(Symfony\\Component\\Console\\Input\\ArgvInput), Object(Illuminate\\Console\\OutputStyle))
#21 C:\\xampp\\htdocs\\UASPWD\\vendor\\symfony\\console\\Application.php(908): Illuminate\\Console\\Command->run(Object(Symfony\\Component\\Console\\Input\\ArgvInput), Object(Symfony\\Component\\Console\\Output\\ConsoleOutput))
#22 C:\\xampp\\htdocs\\UASPWD\\vendor\\symfony\\console\\Application.php(269): Symfony\\Component\\Console\\Application->doRunCommand(Object(Illuminate\\Database\\Console\\Migrations\\MigrateCommand), Object(Symfony\\Component\\Console\\Input\\ArgvInput), Object(Symfony\\Component\\Console\\Output\\ConsoleOutput))
#23 C:\\xampp\\htdocs\\UASPWD\\vendor\\symfony\\console\\Application.php(145): Symfony\\Component\\Console\\Application->doRun(Object(Symfony\\Component\\Console\\Input\\ArgvInput), Object(Symfony\\Component\\Console\\Output\\ConsoleOutput))
#24 C:\\xampp\\htdocs\\UASPWD\\vendor\\illuminate\\console\\Application.php(90): Symfony\\Component\\Console\\Application->run(Object(Symfony\\Component\\Console\\Input\\ArgvInput), Object(Symfony\\Component\\Console\\Output\\ConsoleOutput))
#25 C:\\xampp\\htdocs\\UASPWD\\vendor\\laravel\\lumen-framework\\src\\Console\\Kernel.php(115): Illuminate\\Console\\Application->run(Object(Symfony\\Component\\Console\\Input\\ArgvInput), Object(Symfony\\Component\\Console\\Output\\ConsoleOutput))
#26 C:\\xampp\\htdocs\\UASPWD\\artisan(35): Laravel\\Lumen\\Console\\Kernel->handle(Object(Symfony\\Component\\Console\\Input\\ArgvInput), Object(Symfony\\Component\\Console\\Output\\ConsoleOutput))
#27 {main}
"} 
[2019-03-18 16:29:13] local.ERROR: PDOException: SQLSTATE[42000]: Syntax error or access violation: 1075 Incorrect table definition; there can be only one auto column and it must be defined as a key in C:\xampp\htdocs\UASPWD\vendor\illuminate\database\Connection.php:458
Stack trace:
#0 C:\xampp\htdocs\UASPWD\vendor\illuminate\database\Connection.php(458): PDOStatement->execute()
#1 C:\xampp\htdocs\UASPWD\vendor\illuminate\database\Connection.php(657): Illuminate\Database\Connection->Illuminate\Database\{closure}('create table `t...', Array)
#2 C:\xampp\htdocs\UASPWD\vendor\illuminate\database\Connection.php(624): Illuminate\Database\Connection->runQueryCallback('create table `t...', Array, Object(Closure))
#3 C:\xampp\htdocs\UASPWD\vendor\illuminate\database\Connection.php(459): Illuminate\Database\Connection->run('create table `t...', Array, Object(Closure))
#4 C:\xampp\htdocs\UASPWD\vendor\illuminate\database\Schema\Blueprint.php(97): Illuminate\Database\Connection->statement('create table `t...')
#5 C:\xampp\htdocs\UASPWD\vendor\illuminate\database\Schema\Builder.php(264): Illuminate\Database\Schema\Blueprint->build(Object(Illuminate\Database\MySqlConnection), Object(Illuminate\Database\Schema\Grammars\MySqlGrammar))
#6 C:\xampp\htdocs\UASPWD\vendor\illuminate\database\Schema\Builder.php(165): Illuminate\Database\Schema\Builder->build(Object(Illuminate\Database\Schema\Blueprint))
#7 C:\xampp\htdocs\UASPWD\vendor\illuminate\support\Facades\Facade.php(237): Illuminate\Database\Schema\Builder->create('t_makanan', Object(Closure))
#8 C:\xampp\htdocs\UASPWD\database\migrations\2019_03_18_162015_create_t_makanan.php(22): Illuminate\Support\Facades\Facade::__callStatic('create', Array)
#9 C:\xampp\htdocs\UASPWD\vendor\illuminate\database\Migrations\Migrator.php(360): CreateTMakanan->up()
#10 C:\xampp\htdocs\UASPWD\vendor\illuminate\database\Migrations\Migrator.php(367): Illuminate\Database\Migrations\Migrator->Illuminate\Database\Migrations\{closure}()
#11 C:\xampp\htdocs\UASPWD\vendor\illuminate\database\Migrations\Migrator.php(178): Illuminate\Database\Migrations\Migrator->runMigration(Object(CreateTMakanan), 'up')
#12 C:\xampp\htdocs\UASPWD\vendor\illuminate\database\Migrations\Migrator.php(147): Illuminate\Database\Migrations\Migrator->runUp('C:\\xampp\\htdocs...', 1, false)
#13 C:\xampp\htdocs\UASPWD\vendor\illuminate\database\Migrations\Migrator.php(96): Illuminate\Database\Migrations\Migrator->runPending(Array, Array)
#14 C:\xampp\htdocs\UASPWD\vendor\illuminate\database\Console\Migrations\MigrateCommand.php(71): Illuminate\Database\Migrations\Migrator->run(Array, Array)
#15 [internal function]: Illuminate\Database\Console\Migrations\MigrateCommand->handle()
#16 C:\xampp\htdocs\UASPWD\vendor\illuminate\container\BoundMethod.php(32): call_user_func_array(Array, Array)
#17 C:\xampp\htdocs\UASPWD\vendor\illuminate\container\BoundMethod.php(90): Illuminate\Container\BoundMethod::Illuminate\Container\{closure}()
#18 C:\xampp\htdocs\UASPWD\vendor\illuminate\container\BoundMethod.php(34): Illuminate\Container\BoundMethod::callBoundMethod(Object(Laravel\Lumen\Application), Array, Object(Closure))
#19 C:\xampp\htdocs\UASPWD\vendor\illuminate\container\Container.php(580): Illuminate\Container\BoundMethod::call(Object(Laravel\Lumen\Application), Array, Array, NULL)
#20 C:\xampp\htdocs\UASPWD\vendor\illuminate\console\Command.php(183): Illuminate\Container\Container->call(Array)
#21 C:\xampp\htdocs\UASPWD\vendor\symfony\console\Command\Command.php(255): Illuminate\Console\Command->execute(Object(Symfony\Component\Console\Input\ArgvInput), Object(Illuminate\Console\OutputStyle))
#22 C:\xampp\htdocs\UASPWD\vendor\illuminate\console\Command.php(170): Symfony\Component\Console\Command\Command->run(Object(Symfony\Component\Console\Input\ArgvInput), Object(Illuminate\Console\OutputStyle))
#23 C:\xampp\htdocs\UASPWD\vendor\symfony\console\Application.php(908): Illuminate\Console\Command->run(Object(Symfony\Component\Console\Input\ArgvInput), Object(Symfony\Component\Console\Output\ConsoleOutput))
#24 C:\xampp\htdocs\UASPWD\vendor\symfony\console\Application.php(269): Symfony\Component\Console\Application->doRunCommand(Object(Illuminate\Database\Console\Migrations\MigrateCommand), Object(Symfony\Component\Console\Input\ArgvInput), Object(Symfony\Component\Console\Output\ConsoleOutput))
#25 C:\xampp\htdocs\UASPWD\vendor\symfony\console\Application.php(145): Symfony\Component\Console\Application->doRun(Object(Symfony\Component\Console\Input\ArgvInput), Object(Symfony\Component\Console\Output\ConsoleOutput))
#26 C:\xampp\htdocs\UASPWD\vendor\illuminate\console\Application.php(90): Symfony\Component\Console\Application->run(Object(Symfony\Component\Console\Input\ArgvInput), Object(Symfony\Component\Console\Output\ConsoleOutput))
#27 C:\xampp\htdocs\UASPWD\vendor\laravel\lumen-framework\src\Console\Kernel.php(115): Illuminate\Console\Application->run(Object(Symfony\Component\Console\Input\ArgvInput), Object(Symfony\Component\Console\Output\ConsoleOutput))
#28 C:\xampp\htdocs\UASPWD\artisan(35): Laravel\Lumen\Console\Kernel->handle(Object(Symfony\Component\Console\Input\ArgvInput), Object(Symfony\Component\Console\Output\ConsoleOutput))
#29 {main}

Next Illuminate\Database\QueryException: SQLSTATE[42000]: Syntax error or access violation: 1075 Incorrect table definition; there can be only one auto column and it must be defined as a key (SQL: create table `t_makanan` (`id` int unsigned not null auto_increment primary key, `nama_makanan` varchar(150) not null, `harga` int not null auto_increment primary key, `qty` int not null auto_increment primary key, `created_at` timestamp null, `updated_at` timestamp null) default character set utf8mb4 collate 'utf8mb4_unicode_ci') in C:\xampp\htdocs\UASPWD\vendor\illuminate\database\Connection.php:664
Stack trace:
#0 C:\xampp\htdocs\UASPWD\vendor\illuminate\database\Connection.php(624): Illuminate\Database\Connection->runQueryCallback('create table `t...', Array, Object(Closure))
#1 C:\xampp\htdocs\UASPWD\vendor\illuminate\database\Connection.php(459): Illuminate\Database\Connection->run('create table `t...', Array, Object(Closure))
#2 C:\xampp\htdocs\UASPWD\vendor\illuminate\database\Schema\Blueprint.php(97): Illuminate\Database\Connection->statement('create table `t...')
#3 C:\xampp\htdocs\UASPWD\vendor\illuminate\database\Schema\Builder.php(264): Illuminate\Database\Schema\Blueprint->build(Object(Illuminate\Database\MySqlConnection), Object(Illuminate\Database\Schema\Grammars\MySqlGrammar))
#4 C:\xampp\htdocs\UASPWD\vendor\illuminate\database\Schema\Builder.php(165): Illuminate\Database\Schema\Builder->build(Object(Illuminate\Database\Schema\Blueprint))
#5 C:\xampp\htdocs\UASPWD\vendor\illuminate\support\Facades\Facade.php(237): Illuminate\Database\Schema\Builder->create('t_makanan', Object(Closure))
#6 C:\xampp\htdocs\UASPWD\database\migrations\2019_03_18_162015_create_t_makanan.php(22): Illuminate\Support\Facades\Facade::__callStatic('create', Array)
#7 C:\xampp\htdocs\UASPWD\vendor\illuminate\database\Migrations\Migrator.php(360): CreateTMakanan->up()
#8 C:\xampp\htdocs\UASPWD\vendor\illuminate\database\Migrations\Migrator.php(367): Illuminate\Database\Migrations\Migrator->Illuminate\Database\Migrations\{closure}()
#9 C:\xampp\htdocs\UASPWD\vendor\illuminate\database\Migrations\Migrator.php(178): Illuminate\Database\Migrations\Migrator->runMigration(Object(CreateTMakanan), 'up')
#10 C:\xampp\htdocs\UASPWD\vendor\illuminate\database\Migrations\Migrator.php(147): Illuminate\Database\Migrations\Migrator->runUp('C:\\xampp\\htdocs...', 1, false)
#11 C:\xampp\htdocs\UASPWD\vendor\illuminate\database\Migrations\Migrator.php(96): Illuminate\Database\Migrations\Migrator->runPending(Array, Array)
#12 C:\xampp\htdocs\UASPWD\vendor\illuminate\database\Console\Migrations\MigrateCommand.php(71): Illuminate\Database\Migrations\Migrator->run(Array, Array)
#13 [internal function]: Illuminate\Database\Console\Migrations\MigrateCommand->handle()
#14 C:\xampp\htdocs\UASPWD\vendor\illuminate\container\BoundMethod.php(32): call_user_func_array(Array, Array)
#15 C:\xampp\htdocs\UASPWD\vendor\illuminate\container\BoundMethod.php(90): Illuminate\Container\BoundMethod::Illuminate\Container\{closure}()
#16 C:\xampp\htdocs\UASPWD\vendor\illuminate\container\BoundMethod.php(34): Illuminate\Container\BoundMethod::callBoundMethod(Object(Laravel\Lumen\Application), Array, Object(Closure))
#17 C:\xampp\htdocs\UASPWD\vendor\illuminate\container\Container.php(580): Illuminate\Container\BoundMethod::call(Object(Laravel\Lumen\Application), Array, Array, NULL)
#18 C:\xampp\htdocs\UASPWD\vendor\illuminate\console\Command.php(183): Illuminate\Container\Container->call(Array)
#19 C:\xampp\htdocs\UASPWD\vendor\symfony\console\Command\Command.php(255): Illuminate\Console\Command->execute(Object(Symfony\Component\Console\Input\ArgvInput), Object(Illuminate\Console\OutputStyle))
#20 C:\xampp\htdocs\UASPWD\vendor\illuminate\console\Command.php(170): Symfony\Component\Console\Command\Command->run(Object(Symfony\Component\Console\Input\ArgvInput), Object(Illuminate\Console\OutputStyle))
#21 C:\xampp\htdocs\UASPWD\vendor\symfony\console\Application.php(908): Illuminate\Console\Command->run(Object(Symfony\Component\Console\Input\ArgvInput), Object(Symfony\Component\Console\Output\ConsoleOutput))
#22 C:\xampp\htdocs\UASPWD\vendor\symfony\console\Application.php(269): Symfony\Component\Console\Application->doRunCommand(Object(Illuminate\Database\Console\Migrations\MigrateCommand), Object(Symfony\Component\Console\Input\ArgvInput), Object(Symfony\Component\Console\Output\ConsoleOutput))
#23 C:\xampp\htdocs\UASPWD\vendor\symfony\console\Application.php(145): Symfony\Component\Console\Application->doRun(Object(Symfony\Component\Console\Input\ArgvInput), Object(Symfony\Component\Console\Output\ConsoleOutput))
#24 C:\xampp\htdocs\UASPWD\vendor\illuminate\console\Application.php(90): Symfony\Component\Console\Application->run(Object(Symfony\Component\Console\Input\ArgvInput), Object(Symfony\Component\Console\Output\ConsoleOutput))
#25 C:\xampp\htdocs\UASPWD\vendor\laravel\lumen-framework\src\Console\Kernel.php(115): Illuminate\Console\Application->run(Object(Symfony\Component\Console\Input\ArgvInput), Object(Symfony\Component\Console\Output\ConsoleOutput))
#26 C:\xampp\htdocs\UASPWD\artisan(35): Laravel\Lumen\Console\Kernel->handle(Object(Symfony\Component\Console\Input\ArgvInput), Object(Symfony\Component\Console\Output\ConsoleOutput))
#27 {main} {"exception":"[object] (Illuminate\\Database\\QueryException(code: 42000): SQLSTATE[42000]: Syntax error or access violation: 1075 Incorrect table definition; there can be only one auto column and it must be defined as a key (SQL: create table `t_makanan` (`id` int unsigned not null auto_increment primary key, `nama_makanan` varchar(150) not null, `harga` int not null auto_increment primary key, `qty` int not null auto_increment primary key, `created_at` timestamp null, `updated_at` timestamp null) default character set utf8mb4 collate 'utf8mb4_unicode_ci') at C:\\xampp\\htdocs\\UASPWD\\vendor\\illuminate\\database\\Connection.php:664, PDOException(code: 42000): SQLSTATE[42000]: Syntax error or access violation: 1075 Incorrect table definition; there can be only one auto column and it must be defined as a key at C:\\xampp\\htdocs\\UASPWD\\vendor\\illuminate\\database\\Connection.php:458)
[stacktrace]
#0 C:\\xampp\\htdocs\\UASPWD\\vendor\\illuminate\\database\\Connection.php(624): Illuminate\\Database\\Connection->runQueryCallback('create table `t...', Array, Object(Closure))
#1 C:\\xampp\\htdocs\\UASPWD\\vendor\\illuminate\\database\\Connection.php(459): Illuminate\\Database\\Connection->run('create table `t...', Array, Object(Closure))
#2 C:\\xampp\\htdocs\\UASPWD\\vendor\\illuminate\\database\\Schema\\Blueprint.php(97): Illuminate\\Database\\Connection->statement('create table `t...')
#3 C:\\xampp\\htdocs\\UASPWD\\vendor\\illuminate\\database\\Schema\\Builder.php(264): Illuminate\\Database\\Schema\\Blueprint->build(Object(Illuminate\\Database\\MySqlConnection), Object(Illuminate\\Database\\Schema\\Grammars\\MySqlGrammar))
#4 C:\\xampp\\htdocs\\UASPWD\\vendor\\illuminate\\database\\Schema\\Builder.php(165): Illuminate\\Database\\Schema\\Builder->build(Object(Illuminate\\Database\\Schema\\Blueprint))
#5 C:\\xampp\\htdocs\\UASPWD\\vendor\\illuminate\\support\\Facades\\Facade.php(237): Illuminate\\Database\\Schema\\Builder->create('t_makanan', Object(Closure))
#6 C:\\xampp\\htdocs\\UASPWD\\database\\migrations\\2019_03_18_162015_create_t_makanan.php(22): Illuminate\\Support\\Facades\\Facade::__callStatic('create', Array)
#7 C:\\xampp\\htdocs\\UASPWD\\vendor\\illuminate\\database\\Migrations\\Migrator.php(360): CreateTMakanan->up()
#8 C:\\xampp\\htdocs\\UASPWD\\vendor\\illuminate\\database\\Migrations\\Migrator.php(367): Illuminate\\Database\\Migrations\\Migrator->Illuminate\\Database\\Migrations\\{closure}()
#9 C:\\xampp\\htdocs\\UASPWD\\vendor\\illuminate\\database\\Migrations\\Migrator.php(178): Illuminate\\Database\\Migrations\\Migrator->runMigration(Object(CreateTMakanan), 'up')
#10 C:\\xampp\\htdocs\\UASPWD\\vendor\\illuminate\\database\\Migrations\\Migrator.php(147): Illuminate\\Database\\Migrations\\Migrator->runUp('C:\\\\xampp\\\\htdocs...', 1, false)
#11 C:\\xampp\\htdocs\\UASPWD\\vendor\\illuminate\\database\\Migrations\\Migrator.php(96): Illuminate\\Database\\Migrations\\Migrator->runPending(Array, Array)
#12 C:\\xampp\\htdocs\\UASPWD\\vendor\\illuminate\\database\\Console\\Migrations\\MigrateCommand.php(71): Illuminate\\Database\\Migrations\\Migrator->run(Array, Array)
#13 [internal function]: Illuminate\\Database\\Console\\Migrations\\MigrateCommand->handle()
#14 C:\\xampp\\htdocs\\UASPWD\\vendor\\illuminate\\container\\BoundMethod.php(32): call_user_func_array(Array, Array)
#15 C:\\xampp\\htdocs\\UASPWD\\vendor\\illuminate\\container\\BoundMethod.php(90): Illuminate\\Container\\BoundMethod::Illuminate\\Container\\{closure}()
#16 C:\\xampp\\htdocs\\UASPWD\\vendor\\illuminate\\container\\BoundMethod.php(34): Illuminate\\Container\\BoundMethod::callBoundMethod(Object(Laravel\\Lumen\\Application), Array, Object(Closure))
#17 C:\\xampp\\htdocs\\UASPWD\\vendor\\illuminate\\container\\Container.php(580): Illuminate\\Container\\BoundMethod::call(Object(Laravel\\Lumen\\Application), Array, Array, NULL)
#18 C:\\xampp\\htdocs\\UASPWD\\vendor\\illuminate\\console\\Command.php(183): Illuminate\\Container\\Container->call(Array)
#19 C:\\xampp\\htdocs\\UASPWD\\vendor\\symfony\\console\\Command\\Command.php(255): Illuminate\\Console\\Command->execute(Object(Symfony\\Component\\Console\\Input\\ArgvInput), Object(Illuminate\\Console\\OutputStyle))
#20 C:\\xampp\\htdocs\\UASPWD\\vendor\\illuminate\\console\\Command.php(170): Symfony\\Component\\Console\\Command\\Command->run(Object(Symfony\\Component\\Console\\Input\\ArgvInput), Object(Illuminate\\Console\\OutputStyle))
#21 C:\\xampp\\htdocs\\UASPWD\\vendor\\symfony\\console\\Application.php(908): Illuminate\\Console\\Command->run(Object(Symfony\\Component\\Console\\Input\\ArgvInput), Object(Symfony\\Component\\Console\\Output\\ConsoleOutput))
#22 C:\\xampp\\htdocs\\UASPWD\\vendor\\symfony\\console\\Application.php(269): Symfony\\Component\\Console\\Application->doRunCommand(Object(Illuminate\\Database\\Console\\Migrations\\MigrateCommand), Object(Symfony\\Component\\Console\\Input\\ArgvInput), Object(Symfony\\Component\\Console\\Output\\ConsoleOutput))
#23 C:\\xampp\\htdocs\\UASPWD\\vendor\\symfony\\console\\Application.php(145): Symfony\\Component\\Console\\Application->doRun(Object(Symfony\\Component\\Console\\Input\\ArgvInput), Object(Symfony\\Component\\Console\\Output\\ConsoleOutput))
#24 C:\\xampp\\htdocs\\UASPWD\\vendor\\illuminate\\console\\Application.php(90): Symfony\\Component\\Console\\Application->run(Object(Symfony\\Component\\Console\\Input\\ArgvInput), Object(Symfony\\Component\\Console\\Output\\ConsoleOutput))
#25 C:\\xampp\\htdocs\\UASPWD\\vendor\\laravel\\lumen-framework\\src\\Console\\Kernel.php(115): Illuminate\\Console\\Application->run(Object(Symfony\\Component\\Console\\Input\\ArgvInput), Object(Symfony\\Component\\Console\\Output\\ConsoleOutput))
#26 C:\\xampp\\htdocs\\UASPWD\\artisan(35): Laravel\\Lumen\\Console\\Kernel->handle(Object(Symfony\\Component\\Console\\Input\\ArgvInput), Object(Symfony\\Component\\Console\\Output\\ConsoleOutput))
#27 {main}
"} 
